{
    "Optimizer": "Adam",
    "batch_size": 32,
    "lr": 0.0002,
    "weight_decay": 0.0002,
    "n_epochs": 100,
    "patience": 15,
    "dropout_rate": 0.2,
    "max_rad": "1 \u03c0",
    "exp_name": "0829_1257_0829_1257_mnist",
    "note": "use original model w/o dropout"
}
[ Train | 001/100 ], loss = 0.029369
[ Valid | 001/100 ] loss = 0.011151 -->best
[ Train | 002/100 ], loss = 0.014298
[ Valid | 002/100 ] loss = 0.015856 
[ Train | 003/100 ], loss = 0.014027
[ Valid | 003/100 ] loss = 0.013295 
[ Train | 004/100 ], loss = 0.012314
[ Valid | 004/100 ] loss = 0.009767 -->best
[ Train | 005/100 ], loss = 0.011882
[ Valid | 005/100 ] loss = 0.009892 
[ Train | 006/100 ], loss = 0.012241
[ Valid | 006/100 ] loss = 0.010397 
[ Train | 007/100 ], loss = 0.011548
[ Valid | 007/100 ] loss = 0.016959 
[ Train | 008/100 ], loss = 0.011592
[ Valid | 008/100 ] loss = 0.022497 
[ Train | 009/100 ], loss = 0.011075
[ Valid | 009/100 ] loss = 0.015885 
[ Train | 010/100 ], loss = 0.010872
[ Valid | 010/100 ] loss = 0.009686 -->best
[ Train | 011/100 ], loss = 0.011588
[ Valid | 011/100 ] loss = 0.016246 
[ Train | 012/100 ], loss = 0.010641
[ Valid | 012/100 ] loss = 0.020776 
[ Train | 013/100 ], loss = 0.010233
[ Valid | 013/100 ] loss = 0.009873 
[ Train | 014/100 ], loss = 0.010076
[ Valid | 014/100 ] loss = 0.010699 
[ Train | 015/100 ], loss = 0.009852
[ Valid | 015/100 ] loss = 0.019791 
[ Train | 016/100 ], loss = 0.009878
[ Valid | 016/100 ] loss = 0.008470 -->best
[ Train | 017/100 ], loss = 0.009756
[ Valid | 017/100 ] loss = 0.008165 -->best
[ Train | 018/100 ], loss = 0.009637
[ Valid | 018/100 ] loss = 0.009081 
[ Train | 019/100 ], loss = 0.009688
[ Valid | 019/100 ] loss = 0.010252 
[ Train | 020/100 ], loss = 0.009540
[ Valid | 020/100 ] loss = 0.429321 
[ Train | 021/100 ], loss = 0.009361
[ Valid | 021/100 ] loss = 0.007944 -->best
[ Train | 022/100 ], loss = 0.009532
[ Valid | 022/100 ] loss = 0.016933 
[ Train | 023/100 ], loss = 0.009244
[ Valid | 023/100 ] loss = 0.008561 
[ Train | 024/100 ], loss = 0.009457
[ Valid | 024/100 ] loss = 0.008975 
[ Train | 025/100 ], loss = 0.009184
[ Valid | 025/100 ] loss = 0.023693 
[ Train | 026/100 ], loss = 0.009171
[ Valid | 026/100 ] loss = 0.019416 
[ Train | 027/100 ], loss = 0.009107
[ Valid | 027/100 ] loss = 0.021121 
[ Train | 028/100 ], loss = 0.009011
[ Valid | 028/100 ] loss = 0.007824 -->best
[ Train | 029/100 ], loss = 0.009285
[ Valid | 029/100 ] loss = 0.008359 
[ Train | 030/100 ], loss = 0.008943
[ Valid | 030/100 ] loss = 0.057481 
[ Train | 031/100 ], loss = 0.008957
[ Valid | 031/100 ] loss = 0.015374 
[ Train | 032/100 ], loss = 0.009001
[ Valid | 032/100 ] loss = 0.009837 
[ Train | 033/100 ], loss = 0.008773
[ Valid | 033/100 ] loss = 0.007858 
[ Train | 034/100 ], loss = 0.009023
[ Valid | 034/100 ] loss = 0.008483 
[ Train | 035/100 ], loss = 0.008836
[ Valid | 035/100 ] loss = 0.012164 
[ Train | 036/100 ], loss = 0.008765
[ Valid | 036/100 ] loss = 0.008450 
[ Train | 037/100 ], loss = 0.008717
[ Valid | 037/100 ] loss = 0.011110 
[ Train | 038/100 ], loss = 0.008626
[ Valid | 038/100 ] loss = 0.008504 
[ Train | 039/100 ], loss = 0.008757
[ Valid | 039/100 ] loss = 0.010551 
[ Train | 040/100 ], loss = 0.008672
[ Valid | 040/100 ] loss = 0.009245 
[ Train | 041/100 ], loss = 0.008699
[ Valid | 041/100 ] loss = 0.010477 
[ Train | 042/100 ], loss = 0.008901
[ Valid | 042/100 ] loss = 0.008718 
[ Train | 043/100 ], loss = 0.008597
[ Valid | 043/100 ] loss = 0.008102 
[ Train | 044/100 ], loss = 0.008590
[ Valid | 044/100 ] loss = 0.007727 -->best
[ Train | 045/100 ], loss = 0.008560
[ Valid | 045/100 ] loss = 0.008473 
[ Train | 046/100 ], loss = 0.008561
[ Valid | 046/100 ] loss = 0.008882 
[ Train | 047/100 ], loss = 0.008611
[ Valid | 047/100 ] loss = 0.012246 
[ Train | 048/100 ], loss = 0.008382
[ Valid | 048/100 ] loss = 0.011251 
[ Train | 049/100 ], loss = 0.008456
[ Valid | 049/100 ] loss = 0.007379 -->best
[ Train | 050/100 ], loss = 0.008545
[ Valid | 050/100 ] loss = 0.008417 
[ Train | 051/100 ], loss = 0.008412
[ Valid | 051/100 ] loss = 0.012917 
[ Train | 052/100 ], loss = 0.008625
[ Valid | 052/100 ] loss = 0.010161 
[ Train | 053/100 ], loss = 0.008233
[ Valid | 053/100 ] loss = 0.011209 
[ Train | 054/100 ], loss = 0.008346
[ Valid | 054/100 ] loss = 0.008818 
[ Train | 055/100 ], loss = 0.008596
[ Valid | 055/100 ] loss = 0.007548 
[ Train | 056/100 ], loss = 0.008202
[ Valid | 056/100 ] loss = 0.007605 
[ Train | 057/100 ], loss = 0.008242
[ Valid | 057/100 ] loss = 0.008603 
[ Train | 058/100 ], loss = 0.008188
[ Valid | 058/100 ] loss = 0.011068 
[ Train | 059/100 ], loss = 0.008184
[ Valid | 059/100 ] loss = 0.008302 
[ Train | 060/100 ], loss = 0.008162
[ Valid | 060/100 ] loss = 0.014309 
[ Train | 061/100 ], loss = 0.008055
[ Valid | 061/100 ] loss = 0.009910 
[ Train | 062/100 ], loss = 0.008310
[ Valid | 062/100 ] loss = 0.006911 -->best
[ Train | 063/100 ], loss = 0.008076
[ Valid | 063/100 ] loss = 0.008704 
[ Train | 064/100 ], loss = 0.007994
[ Valid | 064/100 ] loss = 0.008716 
[ Train | 065/100 ], loss = 0.008276
[ Valid | 065/100 ] loss = 0.007172 
[ Train | 066/100 ], loss = 0.008131
[ Valid | 066/100 ] loss = 0.032267 
[ Train | 067/100 ], loss = 0.008014
[ Valid | 067/100 ] loss = 0.010101 
[ Train | 068/100 ], loss = 0.008040
[ Valid | 068/100 ] loss = 0.008815 
[ Train | 069/100 ], loss = 0.007833
[ Valid | 069/100 ] loss = 0.007812 
[ Train | 070/100 ], loss = 0.008031
[ Valid | 070/100 ] loss = 0.011703 
[ Train | 071/100 ], loss = 0.007933
[ Valid | 071/100 ] loss = 0.008206 
[ Train | 072/100 ], loss = 0.008001
[ Valid | 072/100 ] loss = 0.008318 
[ Train | 073/100 ], loss = 0.007878
[ Valid | 073/100 ] loss = 0.011567 
[ Train | 074/100 ], loss = 0.007834
[ Valid | 074/100 ] loss = 0.016196 
[ Train | 075/100 ], loss = 0.007978
[ Valid | 075/100 ] loss = 0.009311 
[ Train | 076/100 ], loss = 0.007965
[ Valid | 076/100 ] loss = 0.008682 
[ Train | 077/100 ], loss = 0.007731
[ Valid | 077/100 ] loss = 0.009465 
[ Train | 078/100 ], loss = 0.007995
[ Valid | 078/100 ] loss = 0.010872 
